<?xml version="1.0" encoding="utf-8"?><testsuites><testsuite errors="0" failures="0" hostname="8S9K3DZP3JRJTZY" name="pytest" skipped="3" tests="6" time="1.196" timestamp="2020-05-10T18:35:17.038325"><testcase classname="tests.test_in_theaters.TestInTheaters" file="tests\test_in_theaters.py" line="21" name="test_in_theaters[登录响应]" time="0.337"></testcase><testcase classname="tests.test_in_theaters.TestInTheaters" file="tests\test_in_theaters.py" line="21" name="test_in_theaters[未]" time="0.332"></testcase><testcase classname="tests.test_marks.TestMarks" file="tests\test_marks.py" line="3" name="test_the_unknown" time="0.001"><skipped message="not implementation" type="pytest.skip">tests\test_marks.py:4: not implementation</skipped></testcase><testcase classname="tests.test_marks.TestMarks" file="tests\test_marks.py" line="10" name="test_skipif" time="0.001"></testcase><testcase classname="tests.test_marks.TestMarks" file="tests\test_marks.py" line="14" name="test_xfail" time="0.002"><skipped message="" type="pytest.xfail"></skipped></testcase><testcase classname="tests.test_marks.TestMarks" file="tests\test_marks.py" line="22" name="test_xfail_not_run" time="0.001"><skipped message="[NOTRUN] " type="pytest.xfail"></skipped></testcase></testsuite></testsuites>